<?xml version="1.0" encoding="UTF-8"?>
<testsuite name="Testsuit1.1.0 CUJ related scope"
           tests="2"
           failures="0"
           errors="0"
           skipped="0"
           time="81.738">
  <properties />
  
  
            <testcase name="testcase42" time="39.447" classname="com.google.appiumdemo.autotest.pixel.testsuit1_1_0.TestCase1_1_1_Test" />
                <testcase name="testcase11" time="42.291" classname="com.google.appiumdemo.autotest.pixel.testsuit1_1_0.TestCase1_1_1_Test" />
      
</testsuite>
